<?xml version="1.0" encoding="UTF-8"?>
<!-- Generated by org.testng.reporters.JUnitReportReporter -->
<testsuite hostname="VenuGopal" failures="0" tests="8" name="com.TN.tests.LoginTest" time="28.508" errors="0" timestamp="2022-12-27T17:30:12 IST" skipped="0">
  <testcase classname="com.TN.tests.LoginTest" name="verifyLoginWithValidCredentials" time="3.671"/>
  <system-out/>
  <testcase classname="com.TN.tests.LoginTest" name="verifyLoginWithValidCredentials" time="3.546"/>
  <system-out/>
  <testcase classname="com.TN.tests.LoginTest" name="verifyLoginWithValidCredentials" time="3.521"/>
  <system-out/>
  <testcase classname="com.TN.tests.LoginTest" name="verifyLoginWithValidCredentials" time="3.722"/>
  <system-out/>
  <testcase classname="com.TN.tests.LoginTest" name="verifyLoginWithInValidCredentials" time="3.746"/>
  <system-out/>
  <testcase classname="com.TN.tests.LoginTest" name="verifyLoginWithInValidEmailValidPassword" time="3.586"/>
  <system-out/>
  <testcase classname="com.TN.tests.LoginTest" name="verifyLoginWithValidEmailInvalidPassword" time="3.510"/>
  <system-out/>
  <testcase classname="com.TN.tests.LoginTest" name="verifyLoginWithoutCredentials" time="3.206"/>
  <system-out/>
</testsuite> <!-- com.TN.tests.LoginTest -->
