<?xml version="1.0" encoding="UTF-8"?>
<!-- Generated by org.testng.reporters.JUnitReportReporter -->
<testsuite hostname="VenuGopal" failures="0" tests="3" name="com.TN.tests.SearchProductTest" time="9.037" errors="0" timestamp="2022-12-27T17:30:12 IST" skipped="0">
  <testcase classname="com.TN.tests.SearchProductTest" name="verifySearchWithExsistingProduct" time="3.099"/>
  <system-out/>
  <testcase classname="com.TN.tests.SearchProductTest" name="verifySearchWithNonExsistingProduct" time="2.861"/>
  <system-out/>
  <testcase classname="com.TN.tests.SearchProductTest" name="verifySearchWithoutAnyProduct" time="3.077"/>
  <system-out/>
</testsuite> <!-- com.TN.tests.SearchProductTest -->
