<?xml version="1.0" encoding="UTF-8"?>
<!-- Generated by org.testng.reporters.JUnitReportReporter -->
<testsuite hostname="VenuGopal" failures="0" tests="5" name="com.TN.tests.RegisterTest" time="24.115" errors="0" timestamp="2022-12-27T17:30:12 IST" skipped="0">
  <testcase classname="com.TN.tests.RegisterTest" name="verifyRegisterWithMandatoryFields" time="4.502"/>
  <system-out/>
  <testcase classname="com.TN.tests.RegisterTest" name="verifyRegisterWithAllFields" time="4.437"/>
  <system-out/>
  <testcase classname="com.TN.tests.RegisterTest" name="verifyRegisterWithExistingEmail" time="4.262"/>
  <system-out/>
  <testcase classname="com.TN.tests.RegisterTest" name="verifyRegisterWithoutEnteringAnyData" time="6.522"/>
  <system-out/>
  <testcase classname="com.TN.tests.RegisterTest" name="verifyRegisterAccountWithDifferentPasswords" time="4.392"/>
  <system-out/>
</testsuite> <!-- com.TN.tests.RegisterTest -->
