<?xml version="1.0" encoding="UTF-8"?>
<!-- Generated by org.testng.reporters.JUnitReportReporter -->
<testsuite hostname="VenuGopal" failures="0" tests="1" name="com.TN.tests.ForgotPasswordTest" time="7.826" errors="0" timestamp="2022-12-27T16:06:47 IST" skipped="0">
  <testcase classname="com.TN.tests.ForgotPasswordTest" name="verifyForgotPasswordWithNonRegisteredEmail" time="7.826"/>
  <system-out/>
</testsuite> <!-- com.TN.tests.ForgotPasswordTest -->
