<?xml version="1.0" encoding="UTF-8"?>
<!-- Generated by org.testng.reporters.JUnitReportReporter -->
<testsuite hostname="VenuGopal" failures="0" tests="3" name="com.TN.tests.ForgotPasswordTest" time="12.781" errors="0" timestamp="2022-12-27T17:30:12 IST" skipped="0">
  <testcase classname="com.TN.tests.ForgotPasswordTest" name="verifyForgotPasswordWithRegisteredEmail" time="4.067"/>
  <system-out/>
  <testcase classname="com.TN.tests.ForgotPasswordTest" name="verifyForgotPasswordWithNonRegisteredEmail" time="5.045"/>
  <system-out/>
  <testcase classname="com.TN.tests.ForgotPasswordTest" name="verifyForgotPasswordWithNoEmail" time="3.669"/>
  <system-out/>
</testsuite> <!-- com.TN.tests.ForgotPasswordTest -->
