<?xml version="1.0" encoding="UTF-8"?>
<!-- Generated by org.testng.reporters.JUnitReportReporter -->
<testsuite hostname="VenuGopal" failures="0" tests="1" name="com.TN.tests.RegisterTest" time="8.045" errors="0" timestamp="2022-12-27T10:02:16 IST" skipped="0">
  <testcase classname="com.TN.tests.RegisterTest" name="verifyRegisterAccountWithDifferentPasswords" time="8.045"/>
  <system-out/>
</testsuite> <!-- com.TN.tests.RegisterTest -->
