<?xml version="1.0" encoding="UTF-8"?>
<!-- Generated by org.testng.reporters.JUnitReportReporter -->
<testsuite hostname="VenuGopal" failures="0" tests="1" name="com.TN.tests.AddToCartTest" time="8.135" errors="0" timestamp="2022-12-27T17:21:20 IST" skipped="0">
  <testcase classname="com.TN.tests.AddToCartTest" name="verifyAddToCartForValidProduct" time="8.135"/>
  <system-out/>
</testsuite> <!-- com.TN.tests.AddToCartTest -->
