<?xml version="1.0" encoding="UTF-8"?>
<!-- Generated by org.testng.reporters.JUnitReportReporter -->
<testsuite hostname="VenuGopal" failures="0" tests="4" name="com.TN.tests.RegisterTest" time="16.934" errors="0" timestamp="2022-12-26T18:17:58 IST" skipped="0">
  <testcase classname="com.TN.tests.RegisterTest" name="verifyRegisterWithMandatoryFields" time="6.511"/>
  <system-out/>
  <testcase classname="com.TN.tests.RegisterTest" name="verifyRegisterWithAllFields" time="3.676"/>
  <system-out/>
  <testcase classname="com.TN.tests.RegisterTest" name="verifyRegisterWithExistingEmail" time="3.737"/>
  <system-out/>
  <testcase classname="com.TN.tests.RegisterTest" name="verifyRegisterWithoutEnteringAnyData" time="3.010"/>
  <system-out/>
</testsuite> <!-- com.TN.tests.RegisterTest -->
