<?xml version="1.0" encoding="UTF-8"?>
<!-- Generated by org.testng.reporters.JUnitReportReporter -->
<testsuite hostname="VenuGopal" failures="0" tests="3" name="com.TN.tests.SearchProductTest" time="9.136" errors="0" timestamp="2022-12-26T18:17:58 IST" skipped="0">
  <testcase classname="com.TN.tests.SearchProductTest" name="verifySearchWithExsistingProduct" time="2.574"/>
  <system-out/>
  <testcase classname="com.TN.tests.SearchProductTest" name="verifySearchWithNonExsistingProduct" time="3.874"/>
  <system-out/>
  <testcase classname="com.TN.tests.SearchProductTest" name="verifySearchWithoutAnyProduct" time="2.688"/>
  <system-out/>
</testsuite> <!-- com.TN.tests.SearchProductTest -->
