<?xml version="1.0" encoding="UTF-8"?>
<!-- Generated by org.testng.reporters.JUnitReportReporter -->
<testsuite hostname="VenuGopal" failures="0" tests="8" name="com.TN.tests.LoginTest" time="24.506" errors="0" timestamp="2022-12-26T18:17:58 IST" skipped="0">
  <testcase classname="com.TN.tests.LoginTest" name="verifyLoginWithValidCredentials" time="3.076"/>
  <system-out/>
  <testcase classname="com.TN.tests.LoginTest" name="verifyLoginWithValidCredentials" time="3.198"/>
  <system-out/>
  <testcase classname="com.TN.tests.LoginTest" name="verifyLoginWithValidCredentials" time="3.061"/>
  <system-out/>
  <testcase classname="com.TN.tests.LoginTest" name="verifyLoginWithValidCredentials" time="3.132"/>
  <system-out/>
  <testcase classname="com.TN.tests.LoginTest" name="verifyLoginWithInValidCredentials" time="3.124"/>
  <system-out/>
  <testcase classname="com.TN.tests.LoginTest" name="verifyLoginWithInValidEmailValidPassword" time="3.071"/>
  <system-out/>
  <testcase classname="com.TN.tests.LoginTest" name="verifyLoginWithValidEmailInvalidPassword" time="3.119"/>
  <system-out/>
  <testcase classname="com.TN.tests.LoginTest" name="verifyLoginWithoutCredentials" time="2.725"/>
  <system-out/>
</testsuite> <!-- com.TN.tests.LoginTest -->
